E:\C++_PROJECTS\HUGEINT\HUGEINT\DEBUG\HUGEINT.OBJ
E:\C++_PROJECTS\HUGEINT\HUGEINT\DEBUG\MAIN.OBJ
E:\C++_PROJECTS\HUGEINT\HUGEINT\DEBUG\VC110.PDB
E:\C++_PROJECTS\HUGEINT\DEBUG\HUGEINT.ILK
E:\C++_PROJECTS\HUGEINT\DEBUG\HUGEINT.EXE
E:\C++_PROJECTS\HUGEINT\DEBUG\HUGEINT.PDB
I:\hugeint\hugeint\Debug\hugeint.obj
I:\hugeint\hugeint\Debug\main.obj
I:\hugeint\hugeint\Debug\cl.command.1.tlog
I:\hugeint\hugeint\Debug\CL.read.1.tlog
I:\hugeint\hugeint\Debug\CL.write.1.tlog
I:\hugeint\hugeint\Debug\link-cvtres.read.1.tlog
I:\hugeint\hugeint\Debug\link-cvtres.write.1.tlog
I:\hugeint\hugeint\Debug\link-rc.read.1.tlog
I:\hugeint\hugeint\Debug\link-rc.write.1.tlog
I:\hugeint\hugeint\Debug\link.2916-cvtres.read.1.tlog
I:\hugeint\hugeint\Debug\link.2916-cvtres.write.1.tlog
I:\hugeint\hugeint\Debug\link.2916-rc.read.1.tlog
I:\hugeint\hugeint\Debug\link.2916-rc.write.1.tlog
I:\hugeint\hugeint\Debug\link.2916.read.1.tlog
I:\hugeint\hugeint\Debug\link.2916.write.1.tlog
I:\hugeint\hugeint\Debug\link.4336-cvtres.read.1.tlog
I:\hugeint\hugeint\Debug\link.4336-cvtres.write.1.tlog
I:\hugeint\hugeint\Debug\link.4336-rc.read.1.tlog
I:\hugeint\hugeint\Debug\link.4336-rc.write.1.tlog
I:\hugeint\hugeint\Debug\link.4336.read.1.tlog
I:\hugeint\hugeint\Debug\link.4336.write.1.tlog
I:\hugeint\hugeint\Debug\link.4552-cvtres.read.1.tlog
I:\hugeint\hugeint\Debug\link.4552-cvtres.write.1.tlog
I:\hugeint\hugeint\Debug\link.4552-rc.read.1.tlog
I:\hugeint\hugeint\Debug\link.4552-rc.write.1.tlog
I:\hugeint\hugeint\Debug\link.4552.read.1.tlog
I:\hugeint\hugeint\Debug\link.4552.write.1.tlog
I:\hugeint\hugeint\Debug\link.4796-cvtres.read.1.tlog
I:\hugeint\hugeint\Debug\link.4796-cvtres.write.1.tlog
I:\hugeint\hugeint\Debug\link.4796-rc.read.1.tlog
I:\hugeint\hugeint\Debug\link.4796-rc.write.1.tlog
I:\hugeint\hugeint\Debug\link.4796.read.1.tlog
I:\hugeint\hugeint\Debug\link.4796.write.1.tlog
I:\hugeint\hugeint\Debug\link.5012-cvtres.read.1.tlog
I:\hugeint\hugeint\Debug\link.5012-cvtres.write.1.tlog
I:\hugeint\hugeint\Debug\link.5012-rc.read.1.tlog
I:\hugeint\hugeint\Debug\link.5012-rc.write.1.tlog
I:\hugeint\hugeint\Debug\link.5012.read.1.tlog
I:\hugeint\hugeint\Debug\link.5012.write.1.tlog
I:\hugeint\hugeint\Debug\link.5784-cvtres.read.1.tlog
I:\hugeint\hugeint\Debug\link.5784-cvtres.write.1.tlog
I:\hugeint\hugeint\Debug\link.5784-rc.read.1.tlog
I:\hugeint\hugeint\Debug\link.5784-rc.write.1.tlog
I:\hugeint\hugeint\Debug\link.5784.read.1.tlog
I:\hugeint\hugeint\Debug\link.5784.write.1.tlog
I:\hugeint\hugeint\Debug\link.6440-cvtres.read.1.tlog
I:\hugeint\hugeint\Debug\link.6440-cvtres.write.1.tlog
I:\hugeint\hugeint\Debug\link.6440-rc.read.1.tlog
I:\hugeint\hugeint\Debug\link.6440-rc.write.1.tlog
I:\hugeint\hugeint\Debug\link.6440.read.1.tlog
I:\hugeint\hugeint\Debug\link.6440.write.1.tlog
I:\hugeint\hugeint\Debug\link.command.1.tlog
I:\hugeint\hugeint\Debug\link.read.1.tlog
I:\hugeint\hugeint\Debug\link.write.1.tlog
I:\hugeint\hugeint\Debug\vc110.idb
I:\hugeint\hugeint\Debug\vc140.idb
I:\hugeint\hugeint\Debug\vc110.pdb
I:\hugeint\hugeint\Debug\vc140.pdb
I:\hugeint\Debug\hugeint.pdb
I:\hugeint\Debug\hugeint.exe
I:\hugeint\Debug\hugeint.ilk
